<?xml version="1.0" encoding="UTF-8"?>
<coverage generated="1679303905357" clover="3.2.0">
  <project timestamp="1679303905357" name="All files">
    <metrics statements="45" coveredstatements="43" conditionals="4" coveredconditionals="4" methods="10" coveredmethods="8" elements="59" coveredelements="55" complexity="0" loc="45" ncloc="45" packages="2" files="2" classes="2"/>
    <package name="helpers">
      <metrics statements="8" coveredstatements="8" conditionals="0" coveredconditionals="0" methods="2" coveredmethods="2"/>
      <file name="regex.js" path="C:\Users\lubwa\Desktop\scrapper_nodejs\src\helpers\regex.js">
        <metrics statements="8" coveredstatements="8" conditionals="0" coveredconditionals="0" methods="2" coveredmethods="2"/>
        <line num="1" count="2" type="stmt"/>
        <line num="2" count="67" type="stmt"/>
        <line num="3" count="67" type="stmt"/>
        <line num="4" count="67" type="stmt"/>
        <line num="7" count="2" type="stmt"/>
        <line num="8" count="137" type="stmt"/>
        <line num="9" count="137" type="stmt"/>
        <line num="10" count="137" type="stmt"/>
      </file>
    </package>
    <package name="scrappers">
      <metrics statements="37" coveredstatements="35" conditionals="4" coveredconditionals="4" methods="8" coveredmethods="6"/>
      <file name="scrapper.js" path="C:\Users\lubwa\Desktop\scrapper_nodejs\src\scrappers\scrapper.js">
        <metrics statements="37" coveredstatements="35" conditionals="4" coveredconditionals="4" methods="8" coveredmethods="6"/>
        <line num="1" count="1" type="stmt"/>
        <line num="2" count="1" type="stmt"/>
        <line num="3" count="1" type="stmt"/>
        <line num="4" count="1" type="stmt"/>
        <line num="6" count="1" type="stmt"/>
        <line num="7" count="1" type="stmt"/>
        <line num="8" count="1" type="stmt"/>
        <line num="11" count="1" type="stmt"/>
        <line num="14" count="1" type="stmt"/>
        <line num="15" count="1" type="stmt"/>
        <line num="17" count="1" type="stmt"/>
        <line num="18" count="66" type="stmt"/>
        <line num="19" count="66" type="stmt"/>
        <line num="22" count="1" type="stmt"/>
        <line num="23" count="66" type="stmt"/>
        <line num="24" count="66" type="cond" truecount="2" falsecount="0"/>
        <line num="25" count="60" type="stmt"/>
        <line num="27" count="6" type="stmt"/>
        <line num="30" count="1" type="stmt"/>
        <line num="33" count="0" type="stmt"/>
        <line num="35" count="1" type="stmt"/>
        <line num="38" count="1" type="stmt"/>
        <line num="39" count="1" type="stmt"/>
        <line num="41" count="1" type="stmt"/>
        <line num="42" count="1" type="stmt"/>
        <line num="43" count="1" type="stmt"/>
        <line num="45" count="1" type="stmt"/>
        <line num="46" count="136" type="stmt"/>
        <line num="47" count="136" type="stmt"/>
        <line num="50" count="1" type="stmt"/>
        <line num="51" count="136" type="stmt"/>
        <line num="52" count="136" type="cond" truecount="2" falsecount="0"/>
        <line num="53" count="133" type="stmt"/>
        <line num="55" count="3" type="stmt"/>
        <line num="59" count="0" type="stmt"/>
        <line num="61" count="1" type="stmt"/>
        <line num="62" count="1" type="stmt"/>
      </file>
    </package>
  </project>
</coverage>
