{"C:\\Users\\lubwa\\Desktop\\scrapper_nodejs\\src\\helpers\\regex.js": {"path":"C:\\Users\\lubwa\\Desktop\\scrapper_nodejs\\src\\helpers\\regex.js","statementMap":{"0":{"start":{"line":1,"column":0},"end":{"line":5,"column":2}},"1":{"start":{"line":2,"column":16},"end":{"line":2,"column":60}},"2":{"start":{"line":3,"column":22},"end":{"line":3,"column":39}},"3":{"start":{"line":4,"column":2},"end":{"line":4,"column":21}},"4":{"start":{"line":7,"column":0},"end":{"line":11,"column":2}},"5":{"start":{"line":8,"column":16},"end":{"line":8,"column":64}},"6":{"start":{"line":9,"column":16},"end":{"line":9,"column":30}},"7":{"start":{"line":10,"column":2},"end":{"line":10,"column":15}}},"fnMap":{"0":{"name":"(anonymous_0)","decl":{"start":{"line":1,"column":27},"end":{"line":1,"column":28}},"loc":{"start":{"line":1,"column":43},"end":{"line":5,"column":1}},"line":1},"1":{"name":"(anonymous_1)","decl":{"start":{"line":7,"column":21},"end":{"line":7,"column":22}},"loc":{"start":{"line":7,"column":28},"end":{"line":11,"column":1}},"line":7}},"branchMap":{},"s":{"0":2,"1":67,"2":67,"3":67,"4":2,"5":137,"6":137,"7":137},"f":{"0":67,"1":137},"b":{},"_coverageSchema":"1a1c01bbd47fc00a2c39e90264f33305004495a9","hash":"f392722c05adbe470b873db8694e33acb3c98d3d"}
,"C:\\Users\\lubwa\\Desktop\\scrapper_nodejs\\src\\scrappers\\scrapper.js": {"path":"C:\\Users\\lubwa\\Desktop\\scrapper_nodejs\\src\\scrappers\\scrapper.js","statementMap":{"0":{"start":{"line":1,"column":14},"end":{"line":1,"column":30}},"1":{"start":{"line":2,"column":16},"end":{"line":2,"column":34}},"2":{"start":{"line":3,"column":11},"end":{"line":3,"column":24}},"3":{"start":{"line":4,"column":41},"end":{"line":4,"column":68}},"4":{"start":{"line":6,"column":0},"end":{"line":36,"column":2}},"5":{"start":{"line":7,"column":14},"end":{"line":7,"column":55}},"6":{"start":{"line":8,"column":16},"end":{"line":8,"column":18}},"7":{"start":{"line":11,"column":2},"end":{"line":34,"column":7}},"8":{"start":{"line":14,"column":19},"end":{"line":14,"column":32}},"9":{"start":{"line":15,"column":16},"end":{"line":15,"column":34}},"10":{"start":{"line":17,"column":6},"end":{"line":20,"column":9}},"11":{"start":{"line":18,"column":21},"end":{"line":18,"column":41}},"12":{"start":{"line":19,"column":8},"end":{"line":19,"column":25}},"13":{"start":{"line":22,"column":6},"end":{"line":29,"column":7}},"14":{"start":{"line":23,"column":8},"end":{"line":23,"column":51}},"15":{"start":{"line":24,"column":8},"end":{"line":28,"column":9}},"16":{"start":{"line":25,"column":10},"end":{"line":25,"column":19}},"17":{"start":{"line":27,"column":10},"end":{"line":27,"column":46}},"18":{"start":{"line":30,"column":6},"end":{"line":30,"column":38}},"19":{"start":{"line":33,"column":6},"end":{"line":33,"column":59}},"20":{"start":{"line":35,"column":4},"end":{"line":35,"column":30}},"21":{"start":{"line":38,"column":0},"end":{"line":63,"column":2}},"22":{"start":{"line":39,"column":16},"end":{"line":39,"column":18}},"23":{"start":{"line":41,"column":2},"end":{"line":60,"column":5}},"24":{"start":{"line":42,"column":17},"end":{"line":42,"column":30}},"25":{"start":{"line":43,"column":14},"end":{"line":43,"column":32}},"26":{"start":{"line":45,"column":4},"end":{"line":48,"column":7}},"27":{"start":{"line":46,"column":19},"end":{"line":46,"column":39}},"28":{"start":{"line":47,"column":6},"end":{"line":47,"column":23}},"29":{"start":{"line":50,"column":4},"end":{"line":57,"column":5}},"30":{"start":{"line":51,"column":6},"end":{"line":51,"column":30}},"31":{"start":{"line":52,"column":6},"end":{"line":56,"column":7}},"32":{"start":{"line":53,"column":8},"end":{"line":53,"column":16}},"33":{"start":{"line":55,"column":8},"end":{"line":55,"column":31}},"34":{"start":{"line":59,"column":4},"end":{"line":59,"column":67}},"35":{"start":{"line":61,"column":2},"end":{"line":61,"column":27}},"36":{"start":{"line":62,"column":2},"end":{"line":62,"column":21}}},"fnMap":{"0":{"name":"(anonymous_0)","decl":{"start":{"line":6,"column":25},"end":{"line":6,"column":26}},"loc":{"start":{"line":6,"column":41},"end":{"line":36,"column":1}},"line":6},"1":{"name":"(anonymous_1)","decl":{"start":{"line":13,"column":10},"end":{"line":13,"column":11}},"loc":{"start":{"line":13,"column":24},"end":{"line":31,"column":5}},"line":13},"2":{"name":"(anonymous_2)","decl":{"start":{"line":17,"column":18},"end":{"line":17,"column":19}},"loc":{"start":{"line":17,"column":30},"end":{"line":20,"column":7}},"line":17},"3":{"name":"(anonymous_3)","decl":{"start":{"line":32,"column":11},"end":{"line":32,"column":12}},"loc":{"start":{"line":32,"column":20},"end":{"line":34,"column":5}},"line":32},"4":{"name":"(anonymous_4)","decl":{"start":{"line":38,"column":31},"end":{"line":38,"column":32}},"loc":{"start":{"line":38,"column":47},"end":{"line":63,"column":1}},"line":38},"5":{"name":"(anonymous_5)","decl":{"start":{"line":41,"column":29},"end":{"line":41,"column":30}},"loc":{"start":{"line":41,"column":43},"end":{"line":58,"column":3}},"line":41},"6":{"name":"(anonymous_6)","decl":{"start":{"line":45,"column":16},"end":{"line":45,"column":17}},"loc":{"start":{"line":45,"column":28},"end":{"line":48,"column":5}},"line":45},"7":{"name":"(anonymous_7)","decl":{"start":{"line":58,"column":11},"end":{"line":58,"column":12}},"loc":{"start":{"line":58,"column":20},"end":{"line":60,"column":3}},"line":58}},"branchMap":{"0":{"loc":{"start":{"line":24,"column":8},"end":{"line":28,"column":9}},"type":"if","locations":[{"start":{"line":24,"column":8},"end":{"line":28,"column":9}},{"start":{"line":26,"column":15},"end":{"line":28,"column":9}}],"line":24},"1":{"loc":{"start":{"line":52,"column":6},"end":{"line":56,"column":7}},"type":"if","locations":[{"start":{"line":52,"column":6},"end":{"line":56,"column":7}},{"start":{"line":54,"column":13},"end":{"line":56,"column":7}}],"line":52}},"s":{"0":1,"1":1,"2":1,"3":1,"4":1,"5":1,"6":1,"7":1,"8":1,"9":1,"10":1,"11":66,"12":66,"13":1,"14":66,"15":66,"16":60,"17":6,"18":1,"19":0,"20":1,"21":1,"22":1,"23":1,"24":1,"25":1,"26":1,"27":136,"28":136,"29":1,"30":136,"31":136,"32":133,"33":3,"34":0,"35":1,"36":1},"f":{"0":1,"1":1,"2":66,"3":0,"4":1,"5":1,"6":136,"7":0},"b":{"0":[60,6],"1":[133,3]},"_coverageSchema":"1a1c01bbd47fc00a2c39e90264f33305004495a9","hash":"4ef573b0171cf22a7b5250d2d546fd13f2072581"}
}
