TN:
SF:src\helpers\regex.js
FN:1,(anonymous_0)
FN:7,(anonymous_1)
FNF:2
FNH:2
FNDA:67,(anonymous_0)
FNDA:137,(anonymous_1)
DA:1,2
DA:2,67
DA:3,67
DA:4,67
DA:7,2
DA:8,137
DA:9,137
DA:10,137
LF:8
LH:8
BRF:0
BRH:0
end_of_record
TN:
SF:src\scrappers\scrapper.js
FN:6,(anonymous_0)
FN:13,(anonymous_1)
FN:17,(anonymous_2)
FN:32,(anonymous_3)
FN:38,(anonymous_4)
FN:41,(anonymous_5)
FN:45,(anonymous_6)
FN:58,(anonymous_7)
FNF:8
FNH:6
FNDA:1,(anonymous_0)
FNDA:1,(anonymous_1)
FNDA:66,(anonymous_2)
FNDA:0,(anonymous_3)
FNDA:1,(anonymous_4)
FNDA:1,(anonymous_5)
FNDA:136,(anonymous_6)
FNDA:0,(anonymous_7)
DA:1,1
DA:2,1
DA:3,1
DA:4,1
DA:6,1
DA:7,1
DA:8,1
DA:11,1
DA:14,1
DA:15,1
DA:17,1
DA:18,66
DA:19,66
DA:22,1
DA:23,66
DA:24,66
DA:25,60
DA:27,6
DA:30,1
DA:33,0
DA:35,1
DA:38,1
DA:39,1
DA:41,1
DA:42,1
DA:43,1
DA:45,1
DA:46,136
DA:47,136
DA:50,1
DA:51,136
DA:52,136
DA:53,133
DA:55,3
DA:59,0
DA:61,1
DA:62,1
LF:37
LH:35
BRDA:24,0,0,60
BRDA:24,0,1,6
BRDA:52,1,0,133
BRDA:52,1,1,3
BRF:4
BRH:4
end_of_record
